?? backup.log
[main d6e215b] Automated backup: 2025-06-24 02:30
 1 file changed, 1 insertion(+)
 create mode 100644 backup.log
To github.com:editingdestiny/kafka_sentiment.git
   06bb433..d6e215b  main -> main
Backup committed and pushed.
 M backup.log
[main 4a47b02] Automated backup: 2025-06-25 02:30
 1 file changed, 7 insertions(+)
To github.com:editingdestiny/kafka_sentiment.git
   d6e215b..4a47b02  main -> main
Backup committed and pushed.
 M backup.log
[main 2c845b4] Automated backup: 2025-06-26 02:30
 1 file changed, 6 insertions(+)
To github.com:editingdestiny/kafka_sentiment.git
   4a47b02..2c845b4  main -> main
Backup committed and pushed.
 M backup.log
[main f44f5a5] Automated backup: 2025-06-27 02:30
 1 file changed, 6 insertions(+)
To github.com:editingdestiny/kafka_sentiment.git
   2c845b4..f44f5a5  main -> main
Backup committed and pushed.
 M backup.log
[main bd0857e] Automated backup: 2025-06-28 02:30
 1 file changed, 6 insertions(+)
To github.com:editingdestiny/kafka_sentiment.git
   f44f5a5..bd0857e  main -> main
Backup committed and pushed.
 M backup.log
[main 03c7854] Automated backup: 2025-06-29 02:30
 1 file changed, 6 insertions(+)
To github.com:editingdestiny/kafka_sentiment.git
   bd0857e..03c7854  main -> main
Backup committed and pushed.
 M backup.log
[main 2d988f6] Automated backup: 2025-07-01 02:30
 1 file changed, 6 insertions(+)
To github.com:editingdestiny/kafka_sentiment.git
   03c7854..2d988f6  main -> main
Backup committed and pushed.
 M backup.log
[main a93ef1b] Automated backup: 2025-07-02 02:30
 1 file changed, 6 insertions(+)
To github.com:editingdestiny/kafka_sentiment.git
   2d988f6..a93ef1b  main -> main
Backup committed and pushed.
 M backup.log
[main 8adf3ad] Automated backup: 2025-07-03 02:30
 1 file changed, 6 insertions(+)
To github.com:editingdestiny/kafka_sentiment.git
   a93ef1b..8adf3ad  main -> main
Backup committed and pushed.
 M backup.log
[main 3f8fe45] Automated backup: 2025-07-04 02:30
 1 file changed, 6 insertions(+)
To github.com:editingdestiny/kafka_sentiment.git
   8adf3ad..3f8fe45  main -> main
Backup committed and pushed.
 M backup.log
[main ab376f2] Automated backup: 2025-07-05 02:30
 1 file changed, 6 insertions(+)
To github.com:editingdestiny/kafka_sentiment.git
   3f8fe45..ab376f2  main -> main
Backup committed and pushed.
 M backup.log
[main 81a84e8] Automated backup: 2025-07-06 02:30
 1 file changed, 6 insertions(+)
To github.com:editingdestiny/kafka_sentiment.git
   ab376f2..81a84e8  main -> main
Backup committed and pushed.
 M backup.log
[main aa75dec] Automated backup: 2025-07-07 02:30
 1 file changed, 6 insertions(+)
To github.com:editingdestiny/kafka_sentiment.git
   81a84e8..aa75dec  main -> main
Backup committed and pushed.
 M backup.log
[main 8118368] Automated backup: 2025-07-08 02:30
 1 file changed, 6 insertions(+)
To github.com:editingdestiny/kafka_sentiment.git
   aa75dec..8118368  main -> main
Backup committed and pushed.
 M backup.log
[main c9c01a7] Automated backup: 2025-07-09 02:30
 1 file changed, 6 insertions(+)
To github.com:editingdestiny/kafka_sentiment.git
   8118368..c9c01a7  main -> main
Backup committed and pushed.
 M backup.log
[main 349c88f] Automated backup: 2025-07-10 02:30
 1 file changed, 6 insertions(+)
To github.com:editingdestiny/kafka_sentiment.git
   c9c01a7..349c88f  main -> main
Backup committed and pushed.
 M backup.log
[main 4dd6d71] Automated backup: 2025-07-11 02:30
 1 file changed, 6 insertions(+)
To github.com:editingdestiny/kafka_sentiment.git
   349c88f..4dd6d71  main -> main
Backup committed and pushed.
 M backup.log
[main d2f1cb1] Automated backup: 2025-07-12 02:30
 1 file changed, 6 insertions(+)
To github.com:editingdestiny/kafka_sentiment.git
   4dd6d71..d2f1cb1  main -> main
Backup committed and pushed.
 M backup.log
[main 1051762] Automated backup: 2025-07-13 02:30
 1 file changed, 6 insertions(+)
To github.com:editingdestiny/kafka_sentiment.git
   d2f1cb1..1051762  main -> main
Backup committed and pushed.
 M backup.log
[main f78e69e] Automated backup: 2025-07-14 02:30
 1 file changed, 6 insertions(+)
To github.com:editingdestiny/kafka_sentiment.git
   1051762..f78e69e  main -> main
Backup committed and pushed.
 M backup.log
[main 8ed864a] Automated backup: 2025-07-15 02:30
 1 file changed, 6 insertions(+)
To github.com:editingdestiny/kafka_sentiment.git
   f78e69e..8ed864a  main -> main
Backup committed and pushed.
 M backup.log
[main f1e12b3] Automated backup: 2025-07-16 02:30
 1 file changed, 6 insertions(+)
To github.com:editingdestiny/kafka_sentiment.git
   8ed864a..f1e12b3  main -> main
Backup committed and pushed.
 M backup.log
 M dashboard/app.py
 M dashboard/callbacks.py
 M dashboard/layout.py
?? dashboard/__pycache__/
?? dashboard/venv/
